
[18-02-10 15:28:09] - http://anjing.com/ - admin_images - CONNECTION TIMEOUT: There was a problem in the request to: admin_images
[18-02-10 15:28:09] - http://anjing.com/ - admin_imgmod.php - CONNECTION TIMEOUT: There was a problem in the request to: admin_imgmod.php
[18-02-10 15:28:09] - http://anjing.com/ - admin_imob_1 - CONNECTION TIMEOUT: There was a problem in the request to: admin_imob_1
[18-02-10 15:28:09] - http://anjing.com/ - admin_imob_2 - CONNECTION TIMEOUT: There was a problem in the request to: admin_imob_2
[18-02-10 15:28:10] - http://anjing.com/ - admin_index - CONNECTION TIMEOUT: There was a problem in the request to: admin_index
[18-02-10 15:28:10] - http://anjing.com/ - admin_index.php - CONNECTION TIMEOUT: There was a problem in the request to: admin_index.php
[18-02-10 15:28:10] - http://anjing.com/ - admin_index.asp - CONNECTION TIMEOUT: There was a problem in the request to: admin_index.asp
[18-02-10 15:28:10] - http://anjing.com/ - admin_info.php - CONNECTION TIMEOUT: There was a problem in the request to: admin_info.php
[18-02-10 15:28:10] - http://anjing.com/ - admin_iprev.php - CONNECTION TIMEOUT: There was a problem in the request to: admin_iprev.php
[18-02-10 15:28:10] - http://anjing.com/ - admin_ldown.php - CONNECTION TIMEOUT: There was a problem in the request to: admin_ldown.php
[18-02-10 15:28:10] - http://anjing.com/ - admin_js - CONNECTION TIMEOUT: There was a problem in the request to: admin_js
[18-02-10 15:28:10] - http://anjing.com/ - admin_loader.php - CONNECTION TIMEOUT: There was a problem in the request to: admin_loader.php
[18-02-10 15:28:10] - http://anjing.com/ - admin_links.php - CONNECTION TIMEOUT: There was a problem in the request to: admin_links.php
[18-02-10 15:28:10] - http://anjing.com/ - admin_left.php - CONNECTION TIMEOUT: There was a problem in the request to: admin_left.php
[18-02-10 15:28:10] - http://anjing.com/ - admin_login - CONNECTION TIMEOUT: There was a problem in the request to: admin_login
[18-02-10 15:28:10] - http://anjing.com/ - admin_login.php - CONNECTION TIMEOUT: There was a problem in the request to: admin_login.php
[18-02-10 15:28:10] - http://anjing.com/ - admin_login/ - CONNECTION TIMEOUT: There was a problem in the request to: admin_login/
[18-02-10 15:28:10] - http://anjing.com/ - admin_login/admin.asp - CONNECTION TIMEOUT: There was a problem in the request to: admin_login/admin.asp
[18-02-10 15:28:10] - http://anjing.com/ - admin_login.html - CONNECTION TIMEOUT: There was a problem in the request to: admin_login.html
[18-02-10 15:28:10] - http://anjing.com/ - admin_login/login.asp - CONNECTION TIMEOUT: There was a problem in the request to: admin_login/login.asp
[18-02-10 15:28:10] - http://anjing.com/ - admin_logon - CONNECTION TIMEOUT: There was a problem in the request to: admin_logon
[18-02-10 15:28:10] - http://anjing.com/ - admin_logs.php - CONNECTION TIMEOUT: There was a problem in the request to: admin_logs.php
[18-02-10 15:28:10] - http://anjing.com/ - admin_logon.php - CONNECTION TIMEOUT: There was a problem in the request to: admin_logon.php
[18-02-10 15:28:10] - http://anjing.com/ - admin_logon/ - CONNECTION TIMEOUT: There was a problem in the request to: admin_logon/
[18-02-10 15:28:10] - http://anjing.com/ - admin_logout.php - CONNECTION TIMEOUT: There was a problem in the request to: admin_logout.php
[18-02-10 15:28:10] - http://anjing.com/ - admin_main - CONNECTION TIMEOUT: There was a problem in the request to: admin_main
[18-02-10 15:28:10] - http://anjing.com/ - admin_main.php - CONNECTION TIMEOUT: There was a problem in the request to: admin_main.php
[18-02-10 15:28:10] - http://anjing.com/ - admin_main.txt - CONNECTION TIMEOUT: There was a problem in the request to: admin_main.txt
[18-02-10 15:28:10] - http://anjing.com/ - admin_manage - CONNECTION TIMEOUT: There was a problem in the request to: admin_manage
[18-02-10 15:28:10] - http://anjing.com/ - admin_members.php - CONNECTION TIMEOUT: There was a problem in the request to: admin_members.php
[18-02-10 15:28:10] - http://anjing.com/ - admin_media - CONNECTION TIMEOUT: There was a problem in the request to: admin_media
[18-02-10 15:28:10] - http://anjing.com/ - admin_messages.php - CONNECTION TIMEOUT: There was a problem in the request to: admin_messages.php
[18-02-10 15:28:10] - http://anjing.com/ - admin_my_avatar.php - CONNECTION TIMEOUT: There was a problem in the request to: admin_my_avatar.php
[18-02-10 15:28:10] - http://anjing.com/ - admin_navigation - CONNECTION TIMEOUT: There was a problem in the request to: admin_navigation
[18-02-10 15:28:10] - http://anjing.com/ - admin_netref - CONNECTION TIMEOUT: There was a problem in the request to: admin_netref
[18-02-10 15:28:10] - http://anjing.com/ - admin_menu - CONNECTION TIMEOUT: There was a problem in the request to: admin_menu
[18-02-10 15:28:10] - http://anjing.com/ - admin_menu.php - CONNECTION TIMEOUT: There was a problem in the request to: admin_menu.php
[18-02-10 15:28:10] - http://anjing.com/ - admin_neu - CONNECTION TIMEOUT: There was a problem in the request to: admin_neu
[18-02-10 15:28:10] - http://anjing.com/ - admin_new - CONNECTION TIMEOUT: There was a problem in the request to: admin_new
[18-02-10 15:28:10] - http://anjing.com/ - admin_news - CONNECTION TIMEOUT: There was a problem in the request to: admin_news
[18-02-10 15:28:11] - http://anjing.com/ - admin_newspost.php - CONNECTION TIMEOUT: There was a problem in the request to: admin_newspost.php
[18-02-10 15:28:11] - http://anjing.com/ - admin_news.php - CONNECTION TIMEOUT: There was a problem in the request to: admin_news.php
[18-02-10 15:28:11] - http://anjing.com/ - admin_online - CONNECTION TIMEOUT: There was a problem in the request to: admin_online
[18-02-10 15:28:11] - http://anjing.com/ - admin_pages - CONNECTION TIMEOUT: There was a problem in the request to: admin_pages
[18-02-10 15:28:11] - http://anjing.com/ - admin_nonssl - CONNECTION TIMEOUT: There was a problem in the request to: admin_nonssl
[18-02-10 15:28:11] - http://anjing.com/ - admin_options.php - CONNECTION TIMEOUT: There was a problem in the request to: admin_options.php
[18-02-10 15:28:11] - http://anjing.com/ - admin_partner - CONNECTION TIMEOUT: There was a problem in the request to: admin_partner
[18-02-10 15:28:11] - http://anjing.com/ - admin_panel.php - CONNECTION TIMEOUT: There was a problem in the request to: admin_panel.php
[18-02-10 15:28:11] - http://anjing.com/ - admin_old - CONNECTION TIMEOUT: There was a problem in the request to: admin_old
[18-02-10 15:28:11] - http://anjing.com/ - admin_panel - CONNECTION TIMEOUT: There was a problem in the request to: admin_panel
[18-02-10 15:28:11] - http://anjing.com/ - admin_pc - CONNECTION TIMEOUT: There was a problem in the request to: admin_pc
[18-02-10 15:28:11] - http://anjing.com/ - admin_paylog.php - CONNECTION TIMEOUT: There was a problem in the request to: admin_paylog.php
[18-02-10 15:28:11] - http://anjing.com/ - admin_pass - CONNECTION TIMEOUT: There was a problem in the request to: admin_pass
[18-02-10 15:28:11] - http://anjing.com/ - admin_pcc - CONNECTION TIMEOUT: There was a problem in the request to: admin_pcc
[18-02-10 15:28:11] - http://anjing.com/ - admin_pending.php - CONNECTION TIMEOUT: There was a problem in the request to: admin_pending.php
[18-02-10 15:28:11] - http://anjing.com/ - admin_payment.php - CONNECTION TIMEOUT: There was a problem in the request to: admin_payment.php
[18-02-10 15:28:11] - http://anjing.com/ - admin_pdf.php - CONNECTION TIMEOUT: There was a problem in the request to: admin_pdf.php
[18-02-10 15:28:11] - http://anjing.com/ - admin_pmmaint.php - CONNECTION TIMEOUT: There was a problem in the request to: admin_pmmaint.php
[18-02-10 15:28:11] - http://anjing.com/ - admin_ppc - CONNECTION TIMEOUT: There was a problem in the request to: admin_ppc
[18-02-10 15:28:11] - http://anjing.com/ - admin_pn - CONNECTION TIMEOUT: There was a problem in the request to: admin_pn
[18-02-10 15:28:11] - http://anjing.com/ - admin_picks.php - CONNECTION TIMEOUT: There was a problem in the request to: admin_picks.php
[18-02-10 15:28:11] - http://anjing.com/ - admin_poll.php - CONNECTION TIMEOUT: There was a problem in the request to: admin_poll.php
[18-02-10 15:28:11] - http://anjing.com/ - admin_pragma6 - CONNECTION TIMEOUT: There was a problem in the request to: admin_pragma6
[18-02-10 15:28:11] - http://anjing.com/ - admin_policy.php - CONNECTION TIMEOUT: There was a problem in the request to: admin_policy.php
[18-02-10 15:28:11] - http://anjing.com/ - admin_postings.php - CONNECTION TIMEOUT: There was a problem in the request to: admin_postings.php
[18-02-10 15:28:11] - http://anjing.com/ - admin_pop_mail.php - CONNECTION TIMEOUT: There was a problem in the request to: admin_pop_mail.php
[18-02-10 15:28:11] - http://anjing.com/ - admin_private - CONNECTION TIMEOUT: There was a problem in the request to: admin_private
[18-02-10 15:28:11] - http://anjing.com/ - admin_pr - CONNECTION TIMEOUT: There was a problem in the request to: admin_pr
[18-02-10 15:28:11] - http://anjing.com/ - admin_reports - CONNECTION TIMEOUT: There was a problem in the request to: admin_reports
[18-02-10 15:28:11] - http://anjing.com/ - admin_process.php - CONNECTION TIMEOUT: There was a problem in the request to: admin_process.php
[18-02-10 15:28:11] - http://anjing.com/ - admin_reset.php - CONNECTION TIMEOUT: There was a problem in the request to: admin_reset.php
[18-02-10 15:28:11] - http://anjing.com/ - admin_report - CONNECTION TIMEOUT: There was a problem in the request to: admin_report
[18-02-10 15:28:11] - http://anjing.com/ - admin_rotator.php - CONNECTION TIMEOUT: There was a problem in the request to: admin_rotator.php
[18-02-10 15:28:11] - http://anjing.com/ - admin_rules.php - CONNECTION TIMEOUT: There was a problem in the request to: admin_rules.php
[18-02-10 15:28:11] - http://anjing.com/ - admin_scripts - CONNECTION TIMEOUT: There was a problem in the request to: admin_scripts
[18-02-10 15:28:11] - http://anjing.com/ - admin_review - CONNECTION TIMEOUT: There was a problem in the request to: admin_review
[18-02-10 15:28:11] - http://anjing.com/ - admin_save - CONNECTION TIMEOUT: There was a problem in the request to: admin_save
[18-02-10 15:28:11] - http://anjing.com/ - admin_search.php - CONNECTION TIMEOUT: There was a problem in the request to: admin_search.php
[18-02-10 15:28:11] - http://anjing.com/ - admin_search_ip.php - CONNECTION TIMEOUT: There was a problem in the request to: admin_search_ip.php
[18-02-10 15:28:11] - http://anjing.com/ - admin_searchlog.php - CONNECTION TIMEOUT: There was a problem in the request to: admin_searchlog.php
[18-02-10 15:28:11] - http://anjing.com/ - admin_secure - CONNECTION TIMEOUT: There was a problem in the request to: admin_secure
[18-02-10 15:28:11] - http://anjing.com/ - admin_shop - CONNECTION TIMEOUT: There was a problem in the request to: admin_shop
[18-02-10 15:28:11] - http://anjing.com/ - admin_settings.php - CONNECTION TIMEOUT: There was a problem in the request to: admin_settings.php
[18-02-10 15:28:11] - http://anjing.com/ - admin_sitestat.php - CONNECTION TIMEOUT: There was a problem in the request to: admin_sitestat.php
[18-02-10 15:28:11] - http://anjing.com/ - admin_site - CONNECTION TIMEOUT: There was a problem in the request to: admin_site
[18-02-10 15:28:11] - http://anjing.com/ - admin_setup.php - CONNECTION TIMEOUT: There was a problem in the request to: admin_setup.php
[18-02-10 15:28:11] - http://anjing.com/ - admin_staff - CONNECTION TIMEOUT: There was a problem in the request to: admin_staff
[18-02-10 15:28:11] - http://anjing.com/ - admin_store - CONNECTION TIMEOUT: There was a problem in the request to: admin_store
[18-02-10 15:28:11] - http://anjing.com/ - admin_SigImage.php - CONNECTION TIMEOUT: There was a problem in the request to: admin_SigImage.php
[18-02-10 15:28:11] - http://anjing.com/ - admin_story.php - CONNECTION TIMEOUT: There was a problem in the request to: admin_story.php
[18-02-10 15:28:11] - http://anjing.com/ - admin_stuff - CONNECTION TIMEOUT: There was a problem in the request to: admin_stuff
[18-02-10 15:28:11] - http://anjing.com/ - admin_sync.php - CONNECTION TIMEOUT: There was a problem in the request to: admin_sync.php
[18-02-10 15:28:11] - http://anjing.com/ - admin_tdet.php - CONNECTION TIMEOUT: There was a problem in the request to: admin_tdet.php
[18-02-10 15:28:11] - http://anjing.com/ - admin_super - CONNECTION TIMEOUT: There was a problem in the request to: admin_super
[18-02-10 15:28:11] - http://anjing.com/ - admin_templates - CONNECTION TIMEOUT: There was a problem in the request to: admin_templates
[18-02-10 15:28:11] - http://anjing.com/ - admin_template.php - CONNECTION TIMEOUT: There was a problem in the request to: admin_template.php
[18-02-10 15:28:11] - http://anjing.com/ - admin_temp - CONNECTION TIMEOUT: There was a problem in the request to: admin_temp
[18-02-10 15:28:11] - http://anjing.com/ - admin_test - CONNECTION TIMEOUT: There was a problem in the request to: admin_test
[18-02-10 15:28:11] - http://anjing.com/ - admin_udown.php - CONNECTION TIMEOUT: There was a problem in the request to: admin_udown.php
[18-02-10 15:28:11] - http://anjing.com/ - admin_tools/ - CONNECTION TIMEOUT: There was a problem in the request to: admin_tools/
[18-02-10 15:28:11] - http://anjing.com/ - admin_test.php - CONNECTION TIMEOUT: There was a problem in the request to: admin_test.php
[18-02-10 15:28:12] - http://anjing.com/ - admin_tpl - CONNECTION TIMEOUT: There was a problem in the request to: admin_tpl
[18-02-10 15:28:12] - http://anjing.com/ - admin_tools - CONNECTION TIMEOUT: There was a problem in the request to: admin_tools
[18-02-10 15:28:12] - http://anjing.com/ - admin_user - CONNECTION TIMEOUT: There was a problem in the request to: admin_user
[18-02-10 15:28:12] - http://anjing.com/ - admin_update.php - CONNECTION TIMEOUT: There was a problem in the request to: admin_update.php
[18-02-10 15:28:12] - http://anjing.com/ - admin_top.php - CONNECTION TIMEOUT: There was a problem in the request to: admin_top.php
[18-02-10 15:28:12] - http://anjing.com/ - admin_tool - CONNECTION TIMEOUT: There was a problem in the request to: admin_tool
[18-02-10 15:28:12] - http://anjing.com/ - admin_userdet.php - CONNECTION TIMEOUT: There was a problem in the request to: admin_userdet.php
[18-02-10 15:28:12] - http://anjing.com/ - admin_usrmgr.php - CONNECTION TIMEOUT: There was a problem in the request to: admin_usrmgr.php
[18-02-10 15:28:12] - http://anjing.com/ - admin_users - CONNECTION TIMEOUT: There was a problem in the request to: admin_users
[18-02-10 15:28:12] - http://anjing.com/ - admin_user.php - CONNECTION TIMEOUT: There was a problem in the request to: admin_user.php
[18-02-10 15:28:12] - http://anjing.com/ - admin_users.php - CONNECTION TIMEOUT: There was a problem in the request to: admin_users.php
[18-02-10 15:28:12] - http://anjing.com/ - admin_website - CONNECTION TIMEOUT: There was a problem in the request to: admin_website
[18-02-10 15:28:12] - http://anjing.com/ - admin_web - CONNECTION TIMEOUT: There was a problem in the request to: admin_web
[18-02-10 15:28:12] - http://anjing.com/ - admin_util - CONNECTION TIMEOUT: There was a problem in the request to: admin_util
[18-02-10 15:28:12] - http://anjing.com/ - adminArea - CONNECTION TIMEOUT: There was a problem in the request to: adminArea
[18-02-10 15:28:12] - http://anjing.com/ - admina - CONNECTION TIMEOUT: There was a problem in the request to: admina
[18-02-10 15:28:12] - http://anjing.com/ - admin_welcome.php - CONNECTION TIMEOUT: There was a problem in the request to: admin_welcome.php
[18-02-10 15:28:12] - http://anjing.com/ - admin_wjg - CONNECTION TIMEOUT: There was a problem in the request to: admin_wjg
[18-02-10 15:28:12] - http://anjing.com/ - adminarea - CONNECTION TIMEOUT: There was a problem in the request to: adminarea
[18-02-10 15:28:12] - http://anjing.com/ - admina.php - CONNECTION TIMEOUT: There was a problem in the request to: admina.php
[18-02-10 15:28:12] - http://anjing.com/ - adminarea/ - CONNECTION TIMEOUT: There was a problem in the request to: adminarea/
[18-02-10 15:28:12] - http://anjing.com/ - adminandy - CONNECTION TIMEOUT: There was a problem in the request to: adminandy
[18-02-10 15:28:12] - http://anjing.com/ - adminarea/admin.php - CONNECTION TIMEOUT: There was a problem in the request to: adminarea/admin.php
[18-02-10 15:28:12] - http://anjing.com/ - adminarea/index.php - CONNECTION TIMEOUT: There was a problem in the request to: adminarea/index.php
[18-02-10 15:28:12] - http://anjing.com/ - adminarea/admin.html - CONNECTION TIMEOUT: There was a problem in the request to: adminarea/admin.html
[18-02-10 15:28:12] - http://anjing.com/ - adminarea/index.html - CONNECTION TIMEOUT: There was a problem in the request to: adminarea/index.html
[18-02-10 15:28:12] - http://anjing.com/ - adminarea/login.php - CONNECTION TIMEOUT: There was a problem in the request to: adminarea/login.php
[18-02-10 15:28:12] - http://anjing.com/ - adminarea/login.html - CONNECTION TIMEOUT: There was a problem in the request to: adminarea/login.html
[18-02-10 15:28:12] - http://anjing.com/ - adminbb - CONNECTION TIMEOUT: There was a problem in the request to: adminbb
[18-02-10 15:28:12] - http://anjing.com/ - adminB - CONNECTION TIMEOUT: There was a problem in the request to: adminB
[18-02-10 15:28:12] - http://anjing.com/ - adminbanners.php - CONNECTION TIMEOUT: There was a problem in the request to: adminbanners.php
[18-02-10 15:28:12] - http://anjing.com/ - adminbecas - CONNECTION TIMEOUT: There was a problem in the request to: adminbecas
[18-02-10 15:28:12] - http://anjing.com/ - adminbeta - CONNECTION TIMEOUT: There was a problem in the request to: adminbeta
[18-02-10 15:28:12] - http://anjing.com/ - adminbackups - CONNECTION TIMEOUT: There was a problem in the request to: adminbackups
[18-02-10 15:28:12] - http://anjing.com/ - adminbereich - CONNECTION TIMEOUT: There was a problem in the request to: adminbereich
[18-02-10 15:28:12] - http://anjing.com/ - adminc - CONNECTION TIMEOUT: There was a problem in the request to: adminc
[18-02-10 15:28:12] - http://anjing.com/ - adminblog - CONNECTION TIMEOUT: There was a problem in the request to: adminblog
[18-02-10 15:28:12] - http://anjing.com/ - adminCalendar.php - CONNECTION TIMEOUT: There was a problem in the request to: adminCalendar.php
[18-02-10 15:28:12] - http://anjing.com/ - admincenter - CONNECTION TIMEOUT: There was a problem in the request to: admincenter
[18-02-10 15:28:12] - http://anjing.com/ - admincc - CONNECTION TIMEOUT: There was a problem in the request to: admincc
[18-02-10 15:28:12] - http://anjing.com/ - admincatgroup.php - CONNECTION TIMEOUT: There was a problem in the request to: admincatgroup.php
[18-02-10 15:28:12] - http://anjing.com/ - AdminCaptureRootCA - CONNECTION TIMEOUT: There was a problem in the request to: AdminCaptureRootCA
[18-02-10 15:28:12] - http://anjing.com/ - adminc.php - CONNECTION TIMEOUT: There was a problem in the request to: adminc.php
[18-02-10 15:28:12] - http://anjing.com/ - admincenter.php - CONNECTION TIMEOUT: There was a problem in the request to: admincenter.php
[18-02-10 15:28:12] - http://anjing.com/ - admincby - CONNECTION TIMEOUT: There was a problem in the request to: admincby
[18-02-10 15:28:12] - http://anjing.com/ - adminclude - CONNECTION TIMEOUT: There was a problem in the request to: adminclude
[18-02-10 15:28:12] - http://anjing.com/ - admincheg - CONNECTION TIMEOUT: There was a problem in the request to: admincheg
[18-02-10 15:28:12] - http://anjing.com/ - AdminClients - CONNECTION TIMEOUT: There was a problem in the request to: AdminClients
[18-02-10 15:28:12] - http://anjing.com/ - AdminConnections - CONNECTION TIMEOUT: There was a problem in the request to: AdminConnections
[18-02-10 15:28:12] - http://anjing.com/ - admincontrol - CONNECTION TIMEOUT: There was a problem in the request to: admincontrol
[18-02-10 15:28:12] - http://anjing.com/ - adminCMS - CONNECTION TIMEOUT: There was a problem in the request to: adminCMS
[18-02-10 15:28:12] - http://anjing.com/ - adminconsole - CONNECTION TIMEOUT: There was a problem in the request to: adminconsole
[18-02-10 15:28:12] - http://anjing.com/ - admincms - CONNECTION TIMEOUT: There was a problem in the request to: admincms
[18-02-10 15:28:12] - http://anjing.com/ - admincodes - CONNECTION TIMEOUT: There was a problem in the request to: admincodes
[18-02-10 15:28:12] - http://anjing.com/ - admincontent - CONNECTION TIMEOUT: There was a problem in the request to: admincontent
[18-02-10 15:28:12] - http://anjing.com/ - admincontrol.html - CONNECTION TIMEOUT: There was a problem in the request to: admincontrol.html
[18-02-10 15:28:12] - http://anjing.com/ - admincontrol/login.php - CONNECTION TIMEOUT: There was a problem in the request to: admincontrol/login.php
[18-02-10 15:28:12] - http://anjing.com/ - admincontrol.php - CONNECTION TIMEOUT: There was a problem in the request to: admincontrol.php
[18-02-10 15:28:12] - http://anjing.com/ - admincontrol/ - CONNECTION TIMEOUT: There was a problem in the request to: admincontrol/