
[18-01-30 16:04:53] - http://n45ht.web.id/ - accounts/login.rb - CONNECTION TIMEOUT: There was a problem in the request to: accounts/login.rb
[18-01-30 16:04:53] - http://n45ht.web.id/ - accounts/login.html - CONNECTION TIMEOUT: There was a problem in the request to: accounts/login.html
[18-01-30 16:04:54] - http://n45ht.web.id/ - accounts/logon - CONNECTION TIMEOUT: There was a problem in the request to: accounts/logon
[18-01-30 16:04:54] - http://n45ht.web.id/ - accounts/login.htm - CONNECTION TIMEOUT: There was a problem in the request to: accounts/login.htm
[18-01-30 16:04:54] - http://n45ht.web.id/ - accounts/login - CONNECTION TIMEOUT: There was a problem in the request to: accounts/login
[18-01-30 16:04:54] - http://n45ht.web.id/ - accounts/login.shtml - CONNECTION TIMEOUT: There was a problem in the request to: accounts/login.shtml
[18-01-30 16:04:54] - http://n45ht.web.id/ - accounts/login.php - CONNECTION TIMEOUT: There was a problem in the request to: accounts/login.php
[18-01-30 16:04:54] - http://n45ht.web.id/ - accounts/login.jsp - CONNECTION TIMEOUT: There was a problem in the request to: accounts/login.jsp
[18-01-30 16:04:54] - http://n45ht.web.id/ - Accounts/ - CONNECTION TIMEOUT: There was a problem in the request to: Accounts/
[18-01-30 16:04:54] - http://n45ht.web.id/ - accounts/login.py - CONNECTION TIMEOUT: There was a problem in the request to: accounts/login.py
[18-01-30 16:06:05] - http://n45ht.web.id/ - acct_login/ - CONNECTION TIMEOUT: There was a problem in the request to: acct_login/
[18-01-30 16:06:05] - http://n45ht.web.id/ - accounts/signin - CONNECTION TIMEOUT: There was a problem in the request to: accounts/signin
[18-01-30 16:06:06] - http://n45ht.web.id/ - actions_admin - CONNECTION TIMEOUT: There was a problem in the request to: actions_admin
[18-01-30 16:06:07] - http://n45ht.web.id/ - activation.php - CONNECTION TIMEOUT: There was a problem in the request to: activation.php
[18-01-30 16:06:07] - http://n45ht.web.id/ - activitysessions/docs/ - CONNECTION TIMEOUT: There was a problem in the request to: activitysessions/docs/
[18-01-30 16:06:07] - http://n45ht.web.id/ - actions_admin.php - CONNECTION TIMEOUT: There was a problem in the request to: actions_admin.php
[18-01-30 16:06:07] - http://n45ht.web.id/ - activity.log - CONNECTION TIMEOUT: There was a problem in the request to: activity.log
[18-01-30 16:06:07] - http://n45ht.web.id/ - ActiveDirectoryRemoteAdminScripts/ - CONNECTION TIMEOUT: There was a problem in the request to: ActiveDirectoryRemoteAdminScripts/
[18-01-30 16:06:07] - http://n45ht.web.id/ - actions - CONNECTION TIMEOUT: There was a problem in the request to: actions
[18-01-30 16:06:07] - http://n45ht.web.id/ - acs-admin - CONNECTION TIMEOUT: There was a problem in the request to: acs-admin
[18-01-30 16:07:19] - http://n45ht.web.id/ - ad - CONNECTION TIMEOUT: There was a problem in the request to: ad
[18-01-30 16:07:19] - http://n45ht.web.id/ - ad_admin.php - CONNECTION TIMEOUT: There was a problem in the request to: ad_admin.php
[18-01-30 16:07:21] - http://n45ht.web.id/ - add_admin - CONNECTION TIMEOUT: There was a problem in the request to: add_admin
[18-01-30 16:07:21] - http://n45ht.web.id/ - adclick - CONNECTION TIMEOUT: There was a problem in the request to: adclick
[18-01-30 16:07:21] - http://n45ht.web.id/ - add - CONNECTION TIMEOUT: There was a problem in the request to: add
[18-01-30 16:07:22] - http://n45ht.web.id/ - ad_manage - CONNECTION TIMEOUT: There was a problem in the request to: ad_manage
[18-01-30 16:07:22] - http://n45ht.web.id/ - ad_login - CONNECTION TIMEOUT: There was a problem in the request to: ad_login
[18-01-30 16:07:22] - http://n45ht.web.id/ - adadmin - CONNECTION TIMEOUT: There was a problem in the request to: adadmin
[18-01-30 16:07:23] - http://n45ht.web.id/ - adcadmin - CONNECTION TIMEOUT: There was a problem in the request to: adcadmin
[18-01-30 16:07:23] - http://n45ht.web.id/ - add.php - CONNECTION TIMEOUT: There was a problem in the request to: add.php